
led.elf:     file format elf32-avr

Sections:
Idx Name          Size      VMA       LMA       File off  Algn
  0 .data         00000004  00800200  00000192  00000226  2**0
                  CONTENTS, ALLOC, LOAD, DATA
  1 .text         00000192  00000000  00000000  00000094  2**1
                  CONTENTS, ALLOC, LOAD, READONLY, CODE
  2 .bss          00000004  00800204  00800204  0000022a  2**0
                  ALLOC
  3 .stab         00000834  00000000  00000000  0000022c  2**2
                  CONTENTS, READONLY, DEBUGGING
  4 .stabstr      00000e0c  00000000  00000000  00000a60  2**0
                  CONTENTS, READONLY, DEBUGGING
  5 .comment      00000011  00000000  00000000  0000186c  2**0
                  CONTENTS, READONLY
  6 .debug_info   00000bbc  00000000  00000000  0000187d  2**0
                  CONTENTS, READONLY, DEBUGGING
  7 .debug_abbrev 00000b1a  00000000  00000000  00002439  2**0
                  CONTENTS, READONLY, DEBUGGING
  8 .debug_line   0000001d  00000000  00000000  00002f53  2**0
                  CONTENTS, READONLY, DEBUGGING
  9 .debug_str    000003e6  00000000  00000000  00002f70  2**0
                  CONTENTS, READONLY, DEBUGGING

Disassembly of section .text:

00000000 <__vectors>:
   0:	0c 94 72 00 	jmp	0xe4	; 0xe4 <__ctors_end>
   4:	0c 94 93 00 	jmp	0x126	; 0x126 <__bad_interrupt>
   8:	0c 94 93 00 	jmp	0x126	; 0x126 <__bad_interrupt>
   c:	0c 94 93 00 	jmp	0x126	; 0x126 <__bad_interrupt>
  10:	0c 94 93 00 	jmp	0x126	; 0x126 <__bad_interrupt>
  14:	0c 94 93 00 	jmp	0x126	; 0x126 <__bad_interrupt>
  18:	0c 94 93 00 	jmp	0x126	; 0x126 <__bad_interrupt>
  1c:	0c 94 93 00 	jmp	0x126	; 0x126 <__bad_interrupt>
  20:	0c 94 93 00 	jmp	0x126	; 0x126 <__bad_interrupt>
  24:	0c 94 93 00 	jmp	0x126	; 0x126 <__bad_interrupt>
  28:	0c 94 93 00 	jmp	0x126	; 0x126 <__bad_interrupt>
  2c:	0c 94 93 00 	jmp	0x126	; 0x126 <__bad_interrupt>
  30:	0c 94 93 00 	jmp	0x126	; 0x126 <__bad_interrupt>
  34:	0c 94 93 00 	jmp	0x126	; 0x126 <__bad_interrupt>
  38:	0c 94 93 00 	jmp	0x126	; 0x126 <__bad_interrupt>
  3c:	0c 94 93 00 	jmp	0x126	; 0x126 <__bad_interrupt>
  40:	0c 94 93 00 	jmp	0x126	; 0x126 <__bad_interrupt>
  44:	0c 94 93 00 	jmp	0x126	; 0x126 <__bad_interrupt>
  48:	0c 94 93 00 	jmp	0x126	; 0x126 <__bad_interrupt>
  4c:	0c 94 93 00 	jmp	0x126	; 0x126 <__bad_interrupt>
  50:	0c 94 93 00 	jmp	0x126	; 0x126 <__bad_interrupt>
  54:	0c 94 93 00 	jmp	0x126	; 0x126 <__bad_interrupt>
  58:	0c 94 93 00 	jmp	0x126	; 0x126 <__bad_interrupt>
  5c:	0c 94 93 00 	jmp	0x126	; 0x126 <__bad_interrupt>
  60:	0c 94 93 00 	jmp	0x126	; 0x126 <__bad_interrupt>
  64:	0c 94 93 00 	jmp	0x126	; 0x126 <__bad_interrupt>
  68:	0c 94 93 00 	jmp	0x126	; 0x126 <__bad_interrupt>
  6c:	0c 94 93 00 	jmp	0x126	; 0x126 <__bad_interrupt>
  70:	0c 94 93 00 	jmp	0x126	; 0x126 <__bad_interrupt>
  74:	0c 94 93 00 	jmp	0x126	; 0x126 <__bad_interrupt>
  78:	0c 94 93 00 	jmp	0x126	; 0x126 <__bad_interrupt>
  7c:	0c 94 93 00 	jmp	0x126	; 0x126 <__bad_interrupt>
  80:	0c 94 93 00 	jmp	0x126	; 0x126 <__bad_interrupt>
  84:	0c 94 93 00 	jmp	0x126	; 0x126 <__bad_interrupt>
  88:	0c 94 93 00 	jmp	0x126	; 0x126 <__bad_interrupt>
  8c:	0c 94 93 00 	jmp	0x126	; 0x126 <__bad_interrupt>
  90:	0c 94 93 00 	jmp	0x126	; 0x126 <__bad_interrupt>
  94:	0c 94 93 00 	jmp	0x126	; 0x126 <__bad_interrupt>
  98:	0c 94 93 00 	jmp	0x126	; 0x126 <__bad_interrupt>
  9c:	0c 94 93 00 	jmp	0x126	; 0x126 <__bad_interrupt>
  a0:	0c 94 93 00 	jmp	0x126	; 0x126 <__bad_interrupt>
  a4:	0c 94 93 00 	jmp	0x126	; 0x126 <__bad_interrupt>
  a8:	0c 94 93 00 	jmp	0x126	; 0x126 <__bad_interrupt>
  ac:	0c 94 93 00 	jmp	0x126	; 0x126 <__bad_interrupt>
  b0:	0c 94 93 00 	jmp	0x126	; 0x126 <__bad_interrupt>
  b4:	0c 94 93 00 	jmp	0x126	; 0x126 <__bad_interrupt>
  b8:	0c 94 93 00 	jmp	0x126	; 0x126 <__bad_interrupt>
  bc:	0c 94 93 00 	jmp	0x126	; 0x126 <__bad_interrupt>
  c0:	0c 94 93 00 	jmp	0x126	; 0x126 <__bad_interrupt>
  c4:	0c 94 93 00 	jmp	0x126	; 0x126 <__bad_interrupt>
  c8:	0c 94 93 00 	jmp	0x126	; 0x126 <__bad_interrupt>
  cc:	0c 94 93 00 	jmp	0x126	; 0x126 <__bad_interrupt>
  d0:	0c 94 93 00 	jmp	0x126	; 0x126 <__bad_interrupt>
  d4:	0c 94 93 00 	jmp	0x126	; 0x126 <__bad_interrupt>
  d8:	0c 94 93 00 	jmp	0x126	; 0x126 <__bad_interrupt>
  dc:	0c 94 93 00 	jmp	0x126	; 0x126 <__bad_interrupt>
  e0:	0c 94 93 00 	jmp	0x126	; 0x126 <__bad_interrupt>

000000e4 <__ctors_end>:
  e4:	11 24       	eor	r1, r1
  e6:	1f be       	out	0x3f, r1	; 63
  e8:	cf ef       	ldi	r28, 0xFF	; 255
  ea:	d1 e2       	ldi	r29, 0x21	; 33
  ec:	de bf       	out	0x3e, r29	; 62
  ee:	cd bf       	out	0x3d, r28	; 61
  f0:	00 e0       	ldi	r16, 0x00	; 0
  f2:	0c bf       	out	0x3c, r16	; 60

000000f4 <__do_copy_data>:
  f4:	12 e0       	ldi	r17, 0x02	; 2
  f6:	a0 e0       	ldi	r26, 0x00	; 0
  f8:	b2 e0       	ldi	r27, 0x02	; 2
  fa:	e2 e9       	ldi	r30, 0x92	; 146
  fc:	f1 e0       	ldi	r31, 0x01	; 1
  fe:	00 e0       	ldi	r16, 0x00	; 0
 100:	0b bf       	out	0x3b, r16	; 59
 102:	02 c0       	rjmp	.+4      	; 0x108 <__do_copy_data+0x14>
 104:	07 90       	elpm	r0, Z+
 106:	0d 92       	st	X+, r0
 108:	a4 30       	cpi	r26, 0x04	; 4
 10a:	b1 07       	cpc	r27, r17
 10c:	d9 f7       	brne	.-10     	; 0x104 <__do_copy_data+0x10>

0000010e <__do_clear_bss>:
 10e:	12 e0       	ldi	r17, 0x02	; 2
 110:	a4 e0       	ldi	r26, 0x04	; 4
 112:	b2 e0       	ldi	r27, 0x02	; 2
 114:	01 c0       	rjmp	.+2      	; 0x118 <.do_clear_bss_start>

00000116 <.do_clear_bss_loop>:
 116:	1d 92       	st	X+, r1

00000118 <.do_clear_bss_start>:
 118:	a8 30       	cpi	r26, 0x08	; 8
 11a:	b1 07       	cpc	r27, r17
 11c:	e1 f7       	brne	.-8      	; 0x116 <.do_clear_bss_loop>
 11e:	0e 94 b1 00 	call	0x162	; 0x162 <main>
 122:	0c 94 c7 00 	jmp	0x18e	; 0x18e <_exit>

00000126 <__bad_interrupt>:
 126:	0c 94 00 00 	jmp	0	; 0x0 <__vectors>

0000012a <sub_task>:
int count = 0;

int LINE_WIDTH = 30;

int sub_task () {
	PORTB ^= _BV(PB7);
 12a:	85 b1       	in	r24, 0x05	; 5
 12c:	80 58       	subi	r24, 0x80	; 128
 12e:	85 b9       	out	0x05, r24	; 5
	#else
		//round up by default
		__ticks_dc = (uint32_t)(ceil(fabs(__tmp)));
	#endif

	__builtin_avr_delay_cycles(__ticks_dc);
 130:	2f ef       	ldi	r18, 0xFF	; 255
 132:	84 e3       	ldi	r24, 0x34	; 52
 134:	9c e0       	ldi	r25, 0x0C	; 12
 136:	21 50       	subi	r18, 0x01	; 1
 138:	80 40       	sbci	r24, 0x00	; 0
 13a:	90 40       	sbci	r25, 0x00	; 0
 13c:	e1 f7       	brne	.-8      	; 0x136 <sub_task+0xc>
 13e:	00 c0       	rjmp	.+0      	; 0x140 <sub_task+0x16>
 140:	00 00       	nop
	_delay_ms(250);	
}
 142:	08 95       	ret

00000144 <UART0_RX_vect>:

ISR (UART0_RX_vect) {
 144:	1f 92       	push	r1
 146:	0f 92       	push	r0
 148:	0f b6       	in	r0, 0x3f	; 63
 14a:	0f 92       	push	r0
 14c:	11 24       	eor	r1, r1
 14e:	8f 93       	push	r24
	PORTB ^= _BV(PB7);
 150:	85 b1       	in	r24, 0x05	; 5
 152:	80 58       	subi	r24, 0x80	; 128
 154:	85 b9       	out	0x05, r24	; 5
}
 156:	8f 91       	pop	r24
 158:	0f 90       	pop	r0
 15a:	0f be       	out	0x3f, r0	; 63
 15c:	0f 90       	pop	r0
 15e:	1f 90       	pop	r1
 160:	18 95       	reti

00000162 <main>:



int main() {
	
	DDRB |= _BV(PB7);
 162:	27 9a       	sbi	0x04, 7	; 4
	
	sub_task();
 164:	0e 94 95 00 	call	0x12a	; 0x12a <sub_task>
	sub_task();
 168:	0e 94 95 00 	call	0x12a	; 0x12a <sub_task>
	sub_task();
 16c:	0e 94 95 00 	call	0x12a	; 0x12a <sub_task>
	sub_task();
 170:	0e 94 95 00 	call	0x12a	; 0x12a <sub_task>
	sub_task();
 174:	0e 94 95 00 	call	0x12a	; 0x12a <sub_task>
	sub_task();
 178:	0e 94 95 00 	call	0x12a	; 0x12a <sub_task>
	
	
	
	
	sei();                    // turn on interrupts
 17c:	78 94       	sei
	
	sleep_mode();
 17e:	83 b7       	in	r24, 0x33	; 51
 180:	81 60       	ori	r24, 0x01	; 1
 182:	83 bf       	out	0x33, r24	; 51
 184:	88 95       	sleep
 186:	83 b7       	in	r24, 0x33	; 51
 188:	8e 7f       	andi	r24, 0xFE	; 254
 18a:	83 bf       	out	0x33, r24	; 51
	
	while(1) {
	}
 18c:	ff cf       	rjmp	.-2      	; 0x18c <main+0x2a>

0000018e <_exit>:
 18e:	f8 94       	cli

00000190 <__stop_program>:
 190:	ff cf       	rjmp	.-2      	; 0x190 <__stop_program>
